[01m[K/home/ammar/asproject/code/src/state_machine_pkg/src/state_machine_node.cpp:[m[K In function â€˜[01m[Kint main(int, char**)[m[Kâ€™:
[01m[K/home/ammar/asproject/code/src/state_machine_pkg/src/state_machine_node.cpp:119:9:[m[K [01;31m[Kerror: [m[Kâ€˜[01m[KupdateState[m[Kâ€™ was not declared in this scope
  119 |         [01;31m[KupdateState[m[K();
      |         [01;31m[K^~~~~~~~~~~[m[K
make[2]: *** [CMakeFiles/state_machine_node.dir/build.make:63: CMakeFiles/state_machine_node.dir/src/state_machine_node.cpp.o] Error 1
make[1]: *** [CMakeFiles/Makefile2:800: CMakeFiles/state_machine_node.dir/all] Error 2
make: *** [Makefile:141: all] Error 2
